<component name="libraryTable">
  <library name="junit-jupiter-api-5.7.1">
    <CLASSES>
      <root url="jar://$PROJECT_DIR$/../../../maven_repository/org/junit/jupiter/junit-jupiter-api/5.7.1/junit-jupiter-api-5.7.1.jar!/" />
    </CLASSES>
    <JAVADOC />
    <SOURCES />
  </library>
</component>